<?xml version="1.0" encoding="UTF-8"?>
<!-- Generated by org.testng.reporters.JUnitReportReporter -->
<testsuite skipped="0" hostname="Minhajs-MacBook-Pro.local" name="com.util.exampleTestNGAnnotations" tests="1" failures="0" timestamp="05 Sep 2019 21:17:22 GMT" time="0.014" errors="0">
  <testcase name="ac" time="0.014" classname="com.util.exampleTestNGAnnotations"/>
</testsuite> <!-- com.util.exampleTestNGAnnotations -->
